<?xml version="1.0" encoding="UTF-8"?>
<testng-results skipped="0" failed="0" total="0" passed="0">
  <reporter-output>
  </reporter-output>
  <suite name="com.appiumtest.maven.appiumtest.AppTest" duration-ms="3" started-at="2018-04-04T07:48:37Z" finished-at="2018-04-04T07:48:37Z">
    <groups>
    </groups>
    <test name="Command line test" duration-ms="3" started-at="2018-04-04T07:48:37Z" finished-at="2018-04-04T07:48:37Z">
    </test> <!-- Command line test -->
  </suite> <!-- com.appiumtest.maven.appiumtest.AppTest -->
</testng-results>
